<?xml version="1.0" encoding="UTF-8"?>
<!-- Generated by org.testng.reporters.JUnitReportReporter -->
<testsuite skipped="0" hostname="VENKAT" name="TestNGDemos.dependencyTestDemo" tests="2" failures="0" timestamp="04 Sep 2019 02:49:01 GMT" time="1.990" errors="0">
  <testcase name="Search" time="1.966" classname="TestNGDemos.dependencyTestDemo"/>
  <testcase name="checkTitle" time="0.024" classname="TestNGDemos.dependencyTestDemo"/>
</testsuite> <!-- TestNGDemos.dependencyTestDemo -->
