<?xml version="1.0" encoding="UTF-8"?>
<!-- Generated by org.testng.reporters.JUnitReportReporter -->
<testsuite skipped="0" hostname="VENKAT" name="TestNGDemos.amazonTest" tests="1" failures="0" timestamp="29 Aug 2019 02:54:40 GMT" time="26.419" errors="0">
  <testcase name="aSearch" time="26.419" classname="TestNGDemos.amazonTest"/>
</testsuite> <!-- TestNGDemos.amazonTest -->
