<?xml version="1.0" encoding="UTF-8"?>
<!-- Generated by org.testng.reporters.JUnitReportReporter -->
<testsuite skipped="1" hostname="VENKAT" name="TestNGDemos.multiTestDemo" tests="4" failures="0" timestamp="30 Aug 2019 02:55:47 GMT" time="0.044" errors="0">
  <testcase name="Login1" time="0.022" classname="TestNGDemos.multiTestDemo"/>
  <testcase name="Trans1" time="0.018" classname="TestNGDemos.multiTestDemo"/>
  <testcase name="Trans2" time="0.004" classname="TestNGDemos.multiTestDemo"/>
  <testcase name="Login2" classname="TestNGDemos.multiTestDemo">
    <skipped/>
  </testcase> <!-- Login2 -->
</testsuite> <!-- TestNGDemos.multiTestDemo -->
