<?xml version="1.0" encoding="UTF-8"?>
<!-- Generated by org.testng.reporters.JUnitReportReporter -->
<testsuite skipped="0" hostname="VENKAT" name="TestNGDemos.usingAnnotations" tests="1" failures="0" timestamp="30 Aug 2019 03:28:26 GMT" time="0.011" errors="0">
  <testcase name="f" time="0.011" classname="TestNGDemos.usingAnnotations"/>
</testsuite> <!-- TestNGDemos.usingAnnotations -->
