<?xml version="1.0" encoding="UTF-8"?>
<!-- Generated by org.testng.reporters.JUnitReportReporter -->
<testsuite skipped="0" hostname="VENKAT" name="TestNGDemos.groupTestDemo" tests="2" failures="0" timestamp="30 Aug 2019 03:05:29 GMT" time="0.041" errors="0">
  <testcase name="Trans2" time="0.003" classname="TestNGDemos.groupTestDemo"/>
  <testcase name="Trans1" time="0.038" classname="TestNGDemos.groupTestDemo"/>
</testsuite> <!-- TestNGDemos.groupTestDemo -->
