<?xml version="1.0" encoding="UTF-8"?>
<!-- Generated by org.testng.reporters.JUnitReportReporter -->
<testsuite skipped="0" hostname="VENKAT" name="TestNGDemos.ebayTest" tests="1" failures="0" timestamp="29 Aug 2019 02:54:40 GMT" time="25.966" errors="0">
  <testcase name="eSearch" time="25.966" classname="TestNGDemos.ebayTest"/>
</testsuite> <!-- TestNGDemos.ebayTest -->
