<?xml version="1.0" encoding="UTF-8"?>
<!-- Generated by org.testng.reporters.JUnitReportReporter -->
<testsuite skipped="0" hostname="VENKAT" name="TestNGDemos.parameterTestDemo" tests="1" failures="0" timestamp="04 Sep 2019 03:22:53 GMT" time="29.492" errors="0">
  <testcase name="Search" time="29.492" classname="TestNGDemos.parameterTestDemo"/>
</testsuite> <!-- TestNGDemos.parameterTestDemo -->
